Determining if the pthread_create exist failed with the following output:
Change Dir: /home/macosma1/catkin_ws/build/turtlebot3_navigation/CMakeFiles/CMakeTmp

Run Build Command:"/usr/bin/make" "cmTC_58d38/fast"
/usr/bin/make -f CMakeFiles/cmTC_58d38.dir/build.make CMakeFiles/cmTC_58d38.dir/build
make[1]: se entra en el directorio '/home/macosma1/catkin_ws/build/turtlebot3_navigation/CMakeFiles/CMakeTmp'
Building C object CMakeFiles/cmTC_58d38.dir/CheckSymbolExists.c.o
/usr/bin/cc    -o CMakeFiles/cmTC_58d38.dir/CheckSymbolExists.c.o   -c /home/macosma1/catkin_ws/build/turtlebot3_navigation/CMakeFiles/CMakeTmp/CheckSymbolExists.c
Linking C executable cmTC_58d38
/usr/bin/cmake -E cmake_link_script CMakeFiles/cmTC_58d38.dir/link.txt --verbose=1
/usr/bin/cc      -rdynamic CMakeFiles/cmTC_58d38.dir/CheckSymbolExists.c.o  -o cmTC_58d38 
CMakeFiles/cmTC_58d38.dir/CheckSymbolExists.c.o: En la funci√≥n `main':
CheckSymbolExists.c:(.text+0x1b): referencia a `pthread_create' sin definir
collect2: error: ld returned 1 exit status
CMakeFiles/cmTC_58d38.dir/build.make:97: fallo en las instrucciones para el objetivo 'cmTC_58d38'
make[1]: *** [cmTC_58d38] Error 1
make[1]: se sale del directorio '/home/macosma1/catkin_ws/build/turtlebot3_navigation/CMakeFiles/CMakeTmp'
Makefile:126: fallo en las instrucciones para el objetivo 'cmTC_58d38/fast'
make: *** [cmTC_58d38/fast] Error 2

File /home/macosma1/catkin_ws/build/turtlebot3_navigation/CMakeFiles/CMakeTmp/CheckSymbolExists.c:
/* */
#include <pthread.h>

int main(int argc, char** argv)
{
  (void)argv;
#ifndef pthread_create
  return ((int*)(&pthread_create))[argc];
#else
  (void)argc;
  return 0;
#endif
}

Determining if the function pthread_create exists in the pthreads failed with the following output:
Change Dir: /home/macosma1/catkin_ws/build/turtlebot3_navigation/CMakeFiles/CMakeTmp

Run Build Command:"/usr/bin/make" "cmTC_9f617/fast"
/usr/bin/make -f CMakeFiles/cmTC_9f617.dir/build.make CMakeFiles/cmTC_9f617.dir/build
make[1]: se entra en el directorio '/home/macosma1/catkin_ws/build/turtlebot3_navigation/CMakeFiles/CMakeTmp'
Building C object CMakeFiles/cmTC_9f617.dir/CheckFunctionExists.c.o
/usr/bin/cc   -DCHECK_FUNCTION_EXISTS=pthread_create   -o CMakeFiles/cmTC_9f617.dir/CheckFunctionExists.c.o   -c /usr/share/cmake-3.10/Modules/CheckFunctionExists.c
Linking C executable cmTC_9f617
/usr/bin/cmake -E cmake_link_script CMakeFiles/cmTC_9f617.dir/link.txt --verbose=1
/usr/bin/cc  -DCHECK_FUNCTION_EXISTS=pthread_create    -rdynamic CMakeFiles/cmTC_9f617.dir/CheckFunctionExists.c.o  -o cmTC_9f617 -lpthreads 
/usr/bin/ld: no se puede encontrar -lpthreads
collect2: error: ld returned 1 exit status
CMakeFiles/cmTC_9f617.dir/build.make:97: fallo en las instrucciones para el objetivo 'cmTC_9f617'
make[1]: *** [cmTC_9f617] Error 1
make[1]: se sale del directorio '/home/macosma1/catkin_ws/build/turtlebot3_navigation/CMakeFiles/CMakeTmp'
Makefile:126: fallo en las instrucciones para el objetivo 'cmTC_9f617/fast'
make: *** [cmTC_9f617/fast] Error 2


