Determining if the pthread_create exist failed with the following output:
Change Dir: /home/macosma1/catkin_ws/build/turtlebot3_fake/CMakeFiles/CMakeTmp

Run Build Command:"/usr/bin/make" "cmTC_916fd/fast"
/usr/bin/make -f CMakeFiles/cmTC_916fd.dir/build.make CMakeFiles/cmTC_916fd.dir/build
make[1]: se entra en el directorio '/home/macosma1/catkin_ws/build/turtlebot3_fake/CMakeFiles/CMakeTmp'
Building C object CMakeFiles/cmTC_916fd.dir/CheckSymbolExists.c.o
/usr/bin/cc    -o CMakeFiles/cmTC_916fd.dir/CheckSymbolExists.c.o   -c /home/macosma1/catkin_ws/build/turtlebot3_fake/CMakeFiles/CMakeTmp/CheckSymbolExists.c
Linking C executable cmTC_916fd
/usr/bin/cmake -E cmake_link_script CMakeFiles/cmTC_916fd.dir/link.txt --verbose=1
/usr/bin/cc      -rdynamic CMakeFiles/cmTC_916fd.dir/CheckSymbolExists.c.o  -o cmTC_916fd 
CMakeFiles/cmTC_916fd.dir/CheckSymbolExists.c.o: En la funci√≥n `main':
CheckSymbolExists.c:(.text+0x1b): referencia a `pthread_create' sin definir
collect2: error: ld returned 1 exit status
CMakeFiles/cmTC_916fd.dir/build.make:97: fallo en las instrucciones para el objetivo 'cmTC_916fd'
make[1]: *** [cmTC_916fd] Error 1
make[1]: se sale del directorio '/home/macosma1/catkin_ws/build/turtlebot3_fake/CMakeFiles/CMakeTmp'
Makefile:126: fallo en las instrucciones para el objetivo 'cmTC_916fd/fast'
make: *** [cmTC_916fd/fast] Error 2

File /home/macosma1/catkin_ws/build/turtlebot3_fake/CMakeFiles/CMakeTmp/CheckSymbolExists.c:
/* */
#include <pthread.h>

int main(int argc, char** argv)
{
  (void)argv;
#ifndef pthread_create
  return ((int*)(&pthread_create))[argc];
#else
  (void)argc;
  return 0;
#endif
}

Determining if the function pthread_create exists in the pthreads failed with the following output:
Change Dir: /home/macosma1/catkin_ws/build/turtlebot3_fake/CMakeFiles/CMakeTmp

Run Build Command:"/usr/bin/make" "cmTC_941c9/fast"
/usr/bin/make -f CMakeFiles/cmTC_941c9.dir/build.make CMakeFiles/cmTC_941c9.dir/build
make[1]: se entra en el directorio '/home/macosma1/catkin_ws/build/turtlebot3_fake/CMakeFiles/CMakeTmp'
Building C object CMakeFiles/cmTC_941c9.dir/CheckFunctionExists.c.o
/usr/bin/cc   -DCHECK_FUNCTION_EXISTS=pthread_create   -o CMakeFiles/cmTC_941c9.dir/CheckFunctionExists.c.o   -c /usr/share/cmake-3.10/Modules/CheckFunctionExists.c
Linking C executable cmTC_941c9
/usr/bin/cmake -E cmake_link_script CMakeFiles/cmTC_941c9.dir/link.txt --verbose=1
/usr/bin/cc  -DCHECK_FUNCTION_EXISTS=pthread_create    -rdynamic CMakeFiles/cmTC_941c9.dir/CheckFunctionExists.c.o  -o cmTC_941c9 -lpthreads 
/usr/bin/ld: no se puede encontrar -lpthreads
collect2: error: ld returned 1 exit status
CMakeFiles/cmTC_941c9.dir/build.make:97: fallo en las instrucciones para el objetivo 'cmTC_941c9'
make[1]: *** [cmTC_941c9] Error 1
make[1]: se sale del directorio '/home/macosma1/catkin_ws/build/turtlebot3_fake/CMakeFiles/CMakeTmp'
Makefile:126: fallo en las instrucciones para el objetivo 'cmTC_941c9/fast'
make: *** [cmTC_941c9/fast] Error 2


