Determining if the pthread_create exist failed with the following output:
Change Dir: /home/macosma1/catkin_ws/build/turtlebot3_msgs/CMakeFiles/CMakeTmp

Run Build Command:"/usr/bin/make" "cmTC_dd612/fast"
/usr/bin/make -f CMakeFiles/cmTC_dd612.dir/build.make CMakeFiles/cmTC_dd612.dir/build
make[1]: se entra en el directorio '/home/macosma1/catkin_ws/build/turtlebot3_msgs/CMakeFiles/CMakeTmp'
Building C object CMakeFiles/cmTC_dd612.dir/CheckSymbolExists.c.o
/usr/bin/cc    -o CMakeFiles/cmTC_dd612.dir/CheckSymbolExists.c.o   -c /home/macosma1/catkin_ws/build/turtlebot3_msgs/CMakeFiles/CMakeTmp/CheckSymbolExists.c
Linking C executable cmTC_dd612
/usr/bin/cmake -E cmake_link_script CMakeFiles/cmTC_dd612.dir/link.txt --verbose=1
/usr/bin/cc      -rdynamic CMakeFiles/cmTC_dd612.dir/CheckSymbolExists.c.o  -o cmTC_dd612 
CMakeFiles/cmTC_dd612.dir/CheckSymbolExists.c.o: En la funci√≥n `main':
CheckSymbolExists.c:(.text+0x1b): referencia a `pthread_create' sin definir
collect2: error: ld returned 1 exit status
CMakeFiles/cmTC_dd612.dir/build.make:97: fallo en las instrucciones para el objetivo 'cmTC_dd612'
make[1]: *** [cmTC_dd612] Error 1
make[1]: se sale del directorio '/home/macosma1/catkin_ws/build/turtlebot3_msgs/CMakeFiles/CMakeTmp'
Makefile:126: fallo en las instrucciones para el objetivo 'cmTC_dd612/fast'
make: *** [cmTC_dd612/fast] Error 2

File /home/macosma1/catkin_ws/build/turtlebot3_msgs/CMakeFiles/CMakeTmp/CheckSymbolExists.c:
/* */
#include <pthread.h>

int main(int argc, char** argv)
{
  (void)argv;
#ifndef pthread_create
  return ((int*)(&pthread_create))[argc];
#else
  (void)argc;
  return 0;
#endif
}

Determining if the function pthread_create exists in the pthreads failed with the following output:
Change Dir: /home/macosma1/catkin_ws/build/turtlebot3_msgs/CMakeFiles/CMakeTmp

Run Build Command:"/usr/bin/make" "cmTC_f204b/fast"
/usr/bin/make -f CMakeFiles/cmTC_f204b.dir/build.make CMakeFiles/cmTC_f204b.dir/build
make[1]: se entra en el directorio '/home/macosma1/catkin_ws/build/turtlebot3_msgs/CMakeFiles/CMakeTmp'
Building C object CMakeFiles/cmTC_f204b.dir/CheckFunctionExists.c.o
/usr/bin/cc   -DCHECK_FUNCTION_EXISTS=pthread_create   -o CMakeFiles/cmTC_f204b.dir/CheckFunctionExists.c.o   -c /usr/share/cmake-3.10/Modules/CheckFunctionExists.c
Linking C executable cmTC_f204b
/usr/bin/cmake -E cmake_link_script CMakeFiles/cmTC_f204b.dir/link.txt --verbose=1
/usr/bin/cc  -DCHECK_FUNCTION_EXISTS=pthread_create    -rdynamic CMakeFiles/cmTC_f204b.dir/CheckFunctionExists.c.o  -o cmTC_f204b -lpthreads 
/usr/bin/ld: no se puede encontrar -lpthreads
collect2: error: ld returned 1 exit status
CMakeFiles/cmTC_f204b.dir/build.make:97: fallo en las instrucciones para el objetivo 'cmTC_f204b'
make[1]: *** [cmTC_f204b] Error 1
make[1]: se sale del directorio '/home/macosma1/catkin_ws/build/turtlebot3_msgs/CMakeFiles/CMakeTmp'
Makefile:126: fallo en las instrucciones para el objetivo 'cmTC_f204b/fast'
make: *** [cmTC_f204b/fast] Error 2


